<?xml version="1.0" encoding="UTF-8" ?>
<testsuite tests="2" failures="1" name="com.revature.dao.impl.RouteDaoImplDisplayTest" time="0.068" errors="0" skipped="0">
  <properties>
[...]
</properties>
  <testcase classname="com.revature.dao.impl.RouteDaoImplDisplayTest" name="testDisplayRoute" time="0.059">
    <failure message="expected:&lt;21&gt; but was:&lt;8&gt;" type="java.lang.AssertionError">java.lang.AssertionError: expected:&lt;21&gt; but was:&lt;8&gt;
	at org.junit.Assert.fail(Assert.java:88)
	at org.junit.Assert.failNotEquals(Assert.java:834)
	at org.junit.Assert.assertEquals(Assert.java:645)
	at org.junit.Assert.assertEquals(Assert.java:631)
	at com.revature.dao.impl.RouteDaoImplDisplayTest.testDisplayRoute(RouteDaoImplDisplayTest.java:15)
	at java.base/jdk.internal.reflect.NativeMethodAccessorImpl.invoke0(Native Method)
	at java.base/jdk.internal.reflect.NativeMethodAccessorImpl.invoke(NativeMethodAccessorImpl.java:77)
	at java.base/jdk.internal.reflect.DelegatingMethodAccessorImpl.invoke(DelegatingMethodAccessorImpl.java:43)
	at java.base/java.lang.reflect.Method.invoke(Method.java:568)
	at org.junit.runners.model.FrameworkMethod$1.runReflectiveCall(FrameworkMethod.java:50)
	at org.junit.internal.runners.model.ReflectiveCallable.run(ReflectiveCallable.java:12)
	at org.junit.runners.model.FrameworkMethod.invokeExplosively(FrameworkMethod.java:47)
	at org.junit.internal.runners.statements.InvokeMethod.evaluate(InvokeMethod.java:17)
	at org.junit.runners.ParentRunner.runLeaf(ParentRunner.java:325)
	at org.junit.runners.BlockJUnit4ClassRunner.runChild(BlockJUnit4ClassRunner.java:78)
	at org.junit.runners.BlockJUnit4ClassRunner.runChild(BlockJUnit4ClassRunner.java:57)
	at org.junit.runners.ParentRunner$3.run(ParentRunner.java:290)
	at org.junit.runners.ParentRunner$1.schedule(ParentRunner.java:71)
	at org.junit.runners.ParentRunner.runChildren(ParentRunner.java:288)
	at org.junit.runners.ParentRunner.access$000(ParentRunner.java:58)
	at org.junit.runners.ParentRunner$2.evaluate(ParentRunner.java:268)
	at org.junit.runners.ParentRunner.run(ParentRunner.java:363)
	at org.apache.maven.surefire.junit4.JUnit4Provider.execute(JUnit4Provider.java:252)
	at org.apache.maven.surefire.junit4.JUnit4Provider.executeTestSet(JUnit4Provider.java:141)
	at org.apache.maven.surefire.junit4.JUnit4Provider.invoke(JUnit4Provider.java:112)
	at java.base/jdk.internal.reflect.NativeMethodAccessorImpl.invoke0(Native Method)
	at java.base/jdk.internal.reflect.NativeMethodAccessorImpl.invoke(NativeMethodAccessorImpl.java:77)
	at java.base/jdk.internal.reflect.DelegatingMethodAccessorImpl.invoke(DelegatingMethodAccessorImpl.java:43)
	at java.base/java.lang.reflect.Method.invoke(Method.java:568)
	at org.apache.maven.surefire.util.ReflectionUtils.invokeMethodWithArray(ReflectionUtils.java:189)
	at org.apache.maven.surefire.booter.ProviderFactory$ProviderProxy.invoke(ProviderFactory.java:165)
	at org.apache.maven.surefire.booter.ProviderFactory.invokeProvider(ProviderFactory.java:85)
	at org.apache.maven.surefire.booter.ForkedBooter.runSuitesInProcess(ForkedBooter.java:115)
	at org.apache.maven.surefire.booter.ForkedBooter.main(ForkedBooter.java:75)
</failure>
    <system-out>2023-01-20 10:08:28 [INFO ] com.revature.dao.impl.RouteDaoImpl:86: Enter the Route Id
2023-01-20 10:08:28 [INFO ] com.revature.dao.impl.RouteDaoImpl:103: Route [routeId=101, source=Solapur, destination=Pune]
2023-01-20 10:08:28 [INFO ] com.revature.dao.impl.RouteDaoImpl:103: Route [routeId=102, source=Pune, destination=Hyderabad]
2023-01-20 10:08:28 [INFO ] com.revature.dao.impl.RouteDaoImpl:103: Route [routeId=103, source=Kolhapur, destination=Sangli]
2023-01-20 10:08:28 [INFO ] com.revature.dao.impl.RouteDaoImpl:103: Route [routeId=104, source=Belgaum, destination=Goa]
2023-01-20 10:08:28 [INFO ] com.revature.dao.impl.RouteDaoImpl:103: Route [routeId=105, source=Mumbai, destination=Pune]
2023-01-20 10:08:28 [INFO ] com.revature.dao.impl.RouteDaoImpl:103: Route [routeId=106, source=Mysore, destination=Benglore]
2023-01-20 10:08:28 [INFO ] com.revature.dao.impl.RouteDaoImpl:103: Route [routeId=107, source=Delhi, destination=Gurgaon]
2023-01-20 10:08:28 [INFO ] com.revature.dao.impl.RouteDaoImpl:103: Route [routeId=R0010, source=p, destination=q]
</system-out>
  </testcase>
  <testcase classname="com.revature.dao.impl.RouteDaoImplDisplayTest" name="testDisplayRoute2" time="0.009"/>
</testsuite>